0 info it worked if it ends with ok
1 verbose cli [ '/Users/burke/.nvm/versions/node/v6.13.1/bin/node',
1 verbose cli   '/Users/burke/.nvm/versions/node/v6.13.1/bin/npm',
1 verbose cli   'start' ]
2 info using npm@3.10.10
3 info using node@v6.13.1
4 verbose run-script [ 'prestart', 'start', 'poststart' ]
5 info lifecycle challenge_3@1.0.0~prestart: challenge_3@1.0.0
6 silly lifecycle challenge_3@1.0.0~prestart: no script for prestart, continuing
7 info lifecycle challenge_3@1.0.0~start: challenge_3@1.0.0
8 verbose lifecycle challenge_3@1.0.0~start: unsafe-perm in lifecycle true
9 verbose lifecycle challenge_3@1.0.0~start: PATH: /Users/burke/.nvm/versions/node/v6.13.1/lib/node_modules/npm/bin/node-gyp-bin:/Users/burke/Desktop/sprints/hrsf98-mini-apps-1/challenge_3/node_modules/.bin:/Users/burke/.nvm/versions/node/v6.13.1/bin:/Applications/Sublime Text.app/Contents/SharedSupport/bin:/usr/local/bin:/usr/bin:/bin:/usr/sbin:/sbin
10 verbose lifecycle challenge_3@1.0.0~start: CWD: /Users/burke/Desktop/sprints/hrsf98-mini-apps-1/challenge_3
11 silly lifecycle challenge_3@1.0.0~start: Args: [ '-c', 'node server.js' ]
12 silly lifecycle challenge_3@1.0.0~start: Returned: code: 1  signal: null
13 info lifecycle challenge_3@1.0.0~start: Failed to exec start script
14 verbose stack Error: challenge_3@1.0.0 start: `node server.js`
14 verbose stack Exit status 1
14 verbose stack     at EventEmitter.<anonymous> (/Users/burke/.nvm/versions/node/v6.13.1/lib/node_modules/npm/lib/utils/lifecycle.js:255:16)
14 verbose stack     at emitTwo (events.js:106:13)
14 verbose stack     at EventEmitter.emit (events.js:191:7)
14 verbose stack     at ChildProcess.<anonymous> (/Users/burke/.nvm/versions/node/v6.13.1/lib/node_modules/npm/lib/utils/spawn.js:40:14)
14 verbose stack     at emitTwo (events.js:106:13)
14 verbose stack     at ChildProcess.emit (events.js:191:7)
14 verbose stack     at maybeClose (internal/child_process.js:920:16)
14 verbose stack     at Process.ChildProcess._handle.onexit (internal/child_process.js:230:5)
15 verbose pkgid challenge_3@1.0.0
16 verbose cwd /Users/burke/Desktop/sprints/hrsf98-mini-apps-1/challenge_3/server
17 error Darwin 17.5.0
18 error argv "/Users/burke/.nvm/versions/node/v6.13.1/bin/node" "/Users/burke/.nvm/versions/node/v6.13.1/bin/npm" "start"
19 error node v6.13.1
20 error npm  v3.10.10
21 error code ELIFECYCLE
22 error challenge_3@1.0.0 start: `node server.js`
22 error Exit status 1
23 error Failed at the challenge_3@1.0.0 start script 'node server.js'.
23 error Make sure you have the latest version of node.js and npm installed.
23 error If you do, this is most likely a problem with the challenge_3 package,
23 error not with npm itself.
23 error Tell the author that this fails on your system:
23 error     node server.js
23 error You can get information on how to open an issue for this project with:
23 error     npm bugs challenge_3
23 error Or if that isn't available, you can get their info via:
23 error     npm owner ls challenge_3
23 error There is likely additional logging output above.
24 verbose exit [ 1, true ]
